Copyright 1986-2018 Xilinx, Inc. All Rights Reserved.
------------------------------------------------------------------------------------
| Tool Version : Vivado v.2018.2 (win64) Build 2258646 Thu Jun 14 20:03:12 MDT 2018
| Date         : Mon Jul  9 17:20:30 2018
| Host         : voldemort-x running 64-bit major release  (build 9200)
| Command      : upgrade_ip
| Device       : xc7a35tcpg236-1
------------------------------------------------------------------------------------

Upgrade Log for IP 'ins_mem'

1. Summary
----------

SUCCESS in the conversion of ins_mem (xilinx.com:ip:blk_mem_gen:8.4 (Rev. 1)) to Vivado generation flows.






Copyright 1986-2018 Xilinx, Inc. All Rights Reserved.
------------------------------------------------------------------------------------
| Tool Version : Vivado v.2018.2 (win64) Build 2258646 Thu Jun 14 20:03:12 MDT 2018
| Date         : Mon Jul  9 17:20:28 2018
| Host         : voldemort-x running 64-bit major release  (build 9200)
| Command      : upgrade_ip
| Device       : xc7a35tcpg236-1
------------------------------------------------------------------------------------

Upgrade Log for IP 'dat_mem'

1. Summary
----------

SUCCESS in the conversion of dat_mem (xilinx.com:ip:blk_mem_gen:8.4 (Rev. 1)) to Vivado generation flows.






Copyright 1986-2018 Xilinx, Inc. All Rights Reserved.
------------------------------------------------------------------------------------
| Tool Version : Vivado v.2018.2 (win64) Build 2258646 Thu Jun 14 20:03:12 MDT 2018
| Date         : Mon Jul  9 17:20:24 2018
| Host         : voldemort-x running 64-bit major release  (build 9200)
| Command      : upgrade_ip
| Device       : xc7a35tcpg236-1
------------------------------------------------------------------------------------

Upgrade Log for IP 'clk_wiz_0'

1. Summary
----------

SUCCESS in the conversion of clk_wiz_0 (xilinx.com:ip:clk_wiz:6.0 (Rev. 1)) to Vivado generation flows.

